Started GET "/" for 127.0.0.1 at 2018-02-15 22:43:17 +0100
Processing by MovieSearchersController#index as HTML
  Rendering movie_searchers/index.html.erb within layouts/application
  Rendered movie_searchers/index.html.erb within layouts/application (6.5ms)
Completed 200 OK in 505ms (Views: 378.7ms)


Started GET "/?utf8=%E2%9C%93&search_movie%5Btitle%5D=dada&commit=Search" for 127.0.0.1 at 2018-02-15 22:43:21 +0100
Processing by MovieSearchersController#index as HTML
  Parameters: {"utf8"=>"✓", "search_movie"=>{"title"=>"dada"}, "commit"=>"Search"}
Unpermitted parameters: :utf8, :commit
Unpermitted parameters: :utf8, :commit
Completed 500 Internal Server Error in 240ms


  
Tmdb::InvalidApiKeyError (Tmdb::InvalidApiKeyError):
  
app/services/movie_db.rb:11:in `perform'
app/controllers/movie_searchers_controller.rb:5:in `index'
Started GET "/?utf8=%E2%9C%93&search_movie%5Btitle%5D=dada&commit=Search" for 127.0.0.1 at 2018-02-15 22:44:41 +0100
Processing by MovieSearchersController#index as HTML
  Parameters: {"utf8"=>"✓", "search_movie"=>{"title"=>"dada"}, "commit"=>"Search"}
Unpermitted parameters: :utf8, :commit
Unpermitted parameters: :utf8, :commit
Completed 500 Internal Server Error in 207ms


  
Tmdb::InvalidApiKeyError (Tmdb::InvalidApiKeyError):
  
app/services/movie_db.rb:11:in `perform'
app/controllers/movie_searchers_controller.rb:5:in `index'
Started GET "/?utf8=%E2%9C%93&search_movie%5Btitle%5D=dada&commit=Search" for 127.0.0.1 at 2018-02-15 22:45:44 +0100
Processing by MovieSearchersController#index as HTML
  Parameters: {"utf8"=>"✓", "search_movie"=>{"title"=>"dada"}, "commit"=>"Search"}
Unpermitted parameters: :utf8, :commit
Unpermitted parameters: :utf8, :commit
Completed 500 Internal Server Error in 227ms


  
Tmdb::InvalidApiKeyError (Tmdb::InvalidApiKeyError):
  
app/services/movie_db.rb:11:in `perform'
app/controllers/movie_searchers_controller.rb:5:in `index'
Started GET "/?utf8=%E2%9C%93&search_movie%5Btitle%5D=dada&commit=Search" for 127.0.0.1 at 2018-02-15 22:45:59 +0100
Processing by MovieSearchersController#index as HTML
  Parameters: {"utf8"=>"✓", "search_movie"=>{"title"=>"dada"}, "commit"=>"Search"}
Unpermitted parameters: :utf8, :commit
Unpermitted parameters: :utf8, :commit
  Rendering movie_searchers/index.html.erb within layouts/application
  Rendered movie_searchers/index.html.erb within layouts/application (7.7ms)
Completed 200 OK in 712ms (Views: 130.2ms)


Started GET "/" for 127.0.0.1 at 2018-02-15 22:48:56 +0100
Processing by MovieSearchersController#index as HTML
  Rendering movie_searchers/index.html.erb within layouts/application
  Rendered movie_searchers/index.html.erb within layouts/application (10.8ms)
Completed 200 OK in 263ms (Views: 142.8ms)


Started GET "/?utf8=%E2%9C%93&search_movie%5Btitle%5D=&commit=Search" for 127.0.0.1 at 2018-02-15 22:48:59 +0100
Processing by MovieSearchersController#index as HTML
  Parameters: {"utf8"=>"✓", "search_movie"=>{"title"=>""}, "commit"=>"Search"}
Unpermitted parameters: :utf8, :commit
Unpermitted parameters: :utf8, :commit
  Rendering movie_searchers/index.html.erb within layouts/application
  Rendered movie_searchers/index.html.erb within layouts/application (2.5ms)
Completed 200 OK in 467ms (Views: 29.7ms)


Started GET "/?utf8=%E2%9C%93&search_movie%5Btitle%5D=&commit=Search" for 127.0.0.1 at 2018-02-15 22:50:33 +0100
Processing by MovieSearchersController#index as HTML
  Parameters: {"utf8"=>"✓", "search_movie"=>{"title"=>""}, "commit"=>"Search"}
Unpermitted parameters: :utf8, :commit
Unpermitted parameters: :utf8, :commit
  Rendering movie_searchers/index.html.erb within layouts/application
  Rendered movie_searchers/index.html.erb within layouts/application (27.1ms)
Completed 200 OK in 513ms (Views: 42.9ms)


Started GET "/?utf8=%E2%9C%93&search_movie%5Btitle%5D=gorilla&commit=Search" for 127.0.0.1 at 2018-02-15 22:50:41 +0100
Processing by MovieSearchersController#index as HTML
  Parameters: {"utf8"=>"✓", "search_movie"=>{"title"=>"gorilla"}, "commit"=>"Search"}
Unpermitted parameters: :utf8, :commit
Unpermitted parameters: :utf8, :commit
  Rendering movie_searchers/index.html.erb within layouts/application
  Rendered movie_searchers/index.html.erb within layouts/application (3.0ms)
Completed 200 OK in 460ms (Views: 32.9ms)


Started GET "/?utf8=%E2%9C%93&search_movie%5Btitle%5D=zzz&commit=Search" for 127.0.0.1 at 2018-02-15 22:50:48 +0100
Processing by MovieSearchersController#index as HTML
  Parameters: {"utf8"=>"✓", "search_movie"=>{"title"=>"zzz"}, "commit"=>"Search"}
Unpermitted parameters: :utf8, :commit
Unpermitted parameters: :utf8, :commit
  Rendering movie_searchers/index.html.erb within layouts/application
  Rendered movie_searchers/index.html.erb within layouts/application (6.6ms)
Completed 200 OK in 473ms (Views: 55.4ms)


Started GET "/?utf8=%E2%9C%93&search_movie%5Btitle%5D=zorro&commit=Search" for 127.0.0.1 at 2018-02-15 22:50:52 +0100
Processing by MovieSearchersController#index as HTML
  Parameters: {"utf8"=>"✓", "search_movie"=>{"title"=>"zorro"}, "commit"=>"Search"}
Unpermitted parameters: :utf8, :commit
Unpermitted parameters: :utf8, :commit
  Rendering movie_searchers/index.html.erb within layouts/application
  Rendered movie_searchers/index.html.erb within layouts/application (3.5ms)
Completed 200 OK in 458ms (Views: 30.0ms)


Started GET "/?utf8=%E2%9C%93&search_movie%5Btitle%5D=zorro&commit=Search" for 127.0.0.1 at 2018-02-15 22:50:56 +0100
Processing by MovieSearchersController#index as HTML
  Parameters: {"utf8"=>"✓", "search_movie"=>{"title"=>"zorro"}, "commit"=>"Search"}
Unpermitted parameters: :utf8, :commit
Unpermitted parameters: :utf8, :commit
  Rendering movie_searchers/index.html.erb within layouts/application
  Rendered movie_searchers/index.html.erb within layouts/application (7.6ms)
Completed 200 OK in 477ms (Views: 48.3ms)


Started GET "/?utf8=%E2%9C%93&search_movie%5Btitle%5D=terminator&commit=Search" for 127.0.0.1 at 2018-02-15 22:51:01 +0100
Processing by MovieSearchersController#index as HTML
  Parameters: {"utf8"=>"✓", "search_movie"=>{"title"=>"terminator"}, "commit"=>"Search"}
Unpermitted parameters: :utf8, :commit
Unpermitted parameters: :utf8, :commit
  Rendering movie_searchers/index.html.erb within layouts/application
  Rendered movie_searchers/index.html.erb within layouts/application (4.8ms)
Completed 200 OK in 456ms (Views: 34.2ms)


Started GET "/?utf8=%E2%9C%93&search_movie%5Btitle%5D=&commit=Search" for 127.0.0.1 at 2018-02-15 22:53:45 +0100
Processing by MovieSearchersController#index as HTML
  Parameters: {"utf8"=>"✓", "search_movie"=>{"title"=>""}, "commit"=>"Search"}
Unpermitted parameters: :utf8, :commit
Unpermitted parameters: :utf8, :commit
Completed 500 Internal Server Error in 230ms


  
NoMethodError (undefined method `collect' for nil:NilClass):
  
app/services/movie_db.rb:14:in `perform'
app/controllers/movie_searchers_controller.rb:5:in `index'
Started GET "/?utf8=%E2%9C%93&search_movie%5Btitle%5D=&commit=Search" for 127.0.0.1 at 2018-02-15 22:54:14 +0100
Processing by MovieSearchersController#index as HTML
  Parameters: {"utf8"=>"✓", "search_movie"=>{"title"=>""}, "commit"=>"Search"}
Unpermitted parameters: :utf8, :commit
Unpermitted parameters: :utf8, :commit
Completed 500 Internal Server Error in 214ms


  
NoMethodError (undefined method `collect' for nil:NilClass):
  
app/services/movie_db.rb:11:in `perform'
app/controllers/movie_searchers_controller.rb:5:in `index'
Started GET "/?utf8=%E2%9C%93&search_movie%5Btitle%5D=terminator&commit=Search" for 127.0.0.1 at 2018-02-15 22:54:23 +0100
Processing by MovieSearchersController#index as HTML
  Parameters: {"utf8"=>"✓", "search_movie"=>{"title"=>"terminator"}, "commit"=>"Search"}
Unpermitted parameters: :utf8, :commit
Unpermitted parameters: :utf8, :commit
  Rendering movie_searchers/index.html.erb within layouts/application
  Rendered movie_searchers/index.html.erb within layouts/application (3.7ms)
Completed 200 OK in 448ms (Views: 23.7ms)


Started GET "/?utf8=%E2%9C%93&search_movie%5Btitle%5D=zorro&commit=Search" for 127.0.0.1 at 2018-02-15 22:56:16 +0100
Processing by MovieSearchersController#index as HTML
  Parameters: {"utf8"=>"✓", "search_movie"=>{"title"=>"zorro"}, "commit"=>"Search"}
Unpermitted parameters: :utf8, :commit
Unpermitted parameters: :utf8, :commit
  Rendering movie_searchers/index.html.erb within layouts/application
  Rendered movie_searchers/index.html.erb within layouts/application (12.9ms)
Completed 200 OK in 744ms (Views: 139.7ms)


